<?xml version="1.0" encoding="UTF-8"?>
<!-- Generated by org.testng.reporters.JUnitXMLReporter -->
<testsuite ignored="0" hostname="DESKTOP-QKA59JP" failures="0" tests="1" name="Test" time="2.405" errors="0" timestamp="2023-07-03T21:58:32 IST">
  <testcase classname="test.PB_TC_1020_ValidatePage" name="@BeforeClass launchPolicyBazaar" time="2.129">
    <failure type="java.lang.NoSuchMethodError" message="&amp;apos;java.io.OutputStream org.openqa.selenium.chrome.ChromeDriverService$Builder.getLogOutput(java.lang.String)&amp;apos;">
      <![CDATA[java.lang.NoSuchMethodError: 'java.io.OutputStream org.openqa.selenium.chrome.ChromeDriverService$Builder.getLogOutput(java.lang.String)'
at org.openqa.selenium.chrome.ChromeDriverService$Builder.createDriverService(ChromeDriverService.java:425)
at org.openqa.selenium.chrome.ChromeDriverService$Builder.createDriverService(ChromeDriverService.java:203)
at org.openqa.selenium.remote.service.DriverService$Builder.build(DriverService.java:450)
at org.openqa.selenium.chrome.ChromeDriverService.createDefaultService(ChromeDriverService.java:167)
at org.openqa.selenium.chrome.ChromeDriver.<init>(ChromeDriver.java:52)
at base.BaseClass.launchBrowserUsingPropertyFile(BaseClass.java:26)
at test.PB_TC_1020_ValidatePage.launchPolicyBazaar(PB_TC_1020_ValidatePage.java:28)
at java.base/java.util.ArrayList.forEach(ArrayList.java:1511)
... Removed 25 stack frames]]>
    </failure>
  </testcase> <!-- @BeforeClass launchPolicyBazaar -->
  <testcase classname="test.PB_TC_1020_ValidatePage" name="@BeforeMethod signInToPolicyBazaar" time="0.0">
    <skipped/>
  </testcase> <!-- @BeforeMethod signInToPolicyBazaar -->
  <testcase classname="test.PB_TC_1020_ValidatePage" name="@AfterMethod logoutFromPolicyBazaar" time="0.0">
    <skipped/>
  </testcase> <!-- @AfterMethod logoutFromPolicyBazaar -->
  <testcase classname="test.PB_TC_1020_ValidatePage" name="@AfterClass closePoilicyBazaar" time="0.0">
    <skipped/>
  </testcase> <!-- @AfterClass closePoilicyBazaar -->
  <testcase classname="test.PB_TC_1020_ValidatePage" name="validateUserName" time="0.0">
    <skipped/>
  </testcase> <!-- validateUserName -->
</testsuite> <!-- Test -->
