<?xml version="1.0" encoding="UTF-8"?>
<!-- Generated by org.testng.reporters.JUnitXMLReporter -->
<testsuite ignored="0" hostname="DESKTOP-QKA59JP" failures="0" tests="1" name="Test" time="10.133" errors="0" timestamp="2023-07-05T18:40:55 IST">
  <testcase classname="test.PB_TC_1020_ValidatePage" name="@BeforeClass launchPolicyBazaar" time="10.026">
    <failure type="java.io.FileNotFoundException" message="C:\Users\Administrator\eclipse-workspace\selenium\PolicyBazaar.properties (The system cannot find the path specified)">
      <![CDATA[java.io.FileNotFoundException: C:\Users\Administrator\eclipse-workspace\selenium\PolicyBazaar.properties (The system cannot find the path specified)
at java.base/java.io.FileInputStream.open0(Native Method)
at java.base/java.io.FileInputStream.open(FileInputStream.java:216)
at java.base/java.io.FileInputStream.<init>(FileInputStream.java:157)
at java.base/java.io.FileInputStream.<init>(FileInputStream.java:111)
at utility.Utility.readDataFromPropertyFile(Utility.java:66)
at base.BaseClass.launchBrowserUsingPropertyFile(BaseClass.java:28)
at test.PB_TC_1020_ValidatePage.launchPolicyBazaar(PB_TC_1020_ValidatePage.java:28)
at java.base/java.util.ArrayList.forEach(ArrayList.java:1511)
... Removed 29 stack frames]]>
    </failure>
  </testcase> <!-- @BeforeClass launchPolicyBazaar -->
  <testcase classname="test.PB_TC_1020_ValidatePage" name="@BeforeMethod signInToPolicyBazaar" time="0.0">
    <skipped/>
  </testcase> <!-- @BeforeMethod signInToPolicyBazaar -->
  <testcase classname="test.PB_TC_1020_ValidatePage" name="@AfterMethod logoutFromPolicyBazaar" time="0.0">
    <skipped/>
  </testcase> <!-- @AfterMethod logoutFromPolicyBazaar -->
  <testcase classname="test.PB_TC_1020_ValidatePage" name="@AfterClass closePoilicyBazaar" time="0.0">
    <skipped/>
  </testcase> <!-- @AfterClass closePoilicyBazaar -->
  <testcase classname="test.PB_TC_1020_ValidatePage" name="validateUserName" time="0.0">
    <skipped/>
  </testcase> <!-- validateUserName -->
</testsuite> <!-- Test -->
